2017-09-26 14:00:01 login, name=ghost, pid=14500
2017-09-26 14:00:01 login_ok, name=ghost, id=1088888, pid=14500
2017-09-26 14:02:00 start_reserva, id=1088888, viatura=Vespa
2017-09-26 14:06:10 start_aluguer, id=1088888, viatura=Vespa
2017-09-26 14:06:10 check_saldo, id=1088888, saldo=25, saldo_ok
2017-09-26 14:40:11 logout, id=1088888
2017-09-26 14:00:01 login, name=perdo, pid=12634
2017-09-26 14:08:45 login_error, name=perdo, pid=12634, unknown_client
2017-09-26 14:09:01 login, name=pedro, pid=12634
2017-09-26 14:09:45 login_error, name=pedro, pid=12634, invalid_password
2017-09-26 14:14:01 login, name=ghost, pid=23579
2017-09-26 14:15:01 login_ok, name=ghost, id=1088888, pid=23579
2017-09-26 14:18:00 end_aluguer, id=1088888, viatura=Vespa, duracao=12
2017-09-26 14:18:01 update_saldo, id=1088888, initial=25, used=12, final=13
2017-09-26 14:27:11 logout, id=1088888
2017-09-26 14:49:11 list_livres, from=1054324
2017-09-26 14:49:11 livres_list, to=1054324, info=Vespa
2017-09-26 14:49:11 livres_list, to=1054324, info=Mosca
2017-09-26 14:49:11 livres_list, to=1054324, info=Moscardo
2017-09-26 14:59:10 add_saldo, id=1054324, initial=-2, added=20, final=18
